# JRE version: OpenJDK Runtime Environment (11.0.11+9) (build 11.0.11+9-b60-7590822)
# Java VM: OpenJDK 64-Bit Server VM (11.0.11+9-b60-7590822, mixed mode, tiered, compressed oops, g1 gc, windows-amd64)
Heap:
 garbage-first heap   total 525312K, used 240606K [0x0000000080000000, 0x0000000100000000)
  region size 1024K, 13 young (13312K), 13 survivors (13312K)
 Metaspace       used 132257K, capacity 136025K, committed 136192K, reserved 1167360K
  class space    used 16469K, capacity 17846K, committed 17920K, reserved 1048576K
GC Heap History (20 events):
Event: 681.112 GC heap after
{Heap after GC invocations=85 (full 0):
 garbage-first heap   total 270336K, used 165294K [0x0000000080000000, 0x0000000100000000)
  region size 1024K, 10 young (10240K), 10 survivors (10240K)
 Metaspace       used 125107K, capacity 128367K, committed 128512K, reserved 1161216K
  class space    used 15401K, capacity 16586K, committed 16640K, reserved 1048576K
}
Event: 681.323 GC heap before
{Heap before GC invocations=85 (full 0):
 garbage-first heap   total 270336K, used 225710K [0x0000000080000000, 0x0000000100000000)
  region size 1024K, 70 young (71680K), 10 survivors (10240K)
 Metaspace       used 126436K, capacity 129776K, committed 130048K, reserved 1163264K
  class space    used 15624K, capacity 16825K, committed 16896K, reserved 1048576K
}
Event: 681.337 GC heap after
{Heap after GC invocations=86 (full 0):
 garbage-first heap   total 270336K, used 172915K [0x0000000080000000, 0x0000000100000000)
  region size 1024K, 8 young (8192K), 8 survivors (8192K)
 Metaspace       used 126436K, capacity 129776K, committed 130048K, reserved 1163264K
  class space    used 15624K, capacity 16825K, committed 16896K, reserved 1048576K
}
Event: 681.511 GC heap before
{Heap before GC invocations=86 (full 0):
 garbage-first heap   total 270336K, used 225139K [0x0000000080000000, 0x0000000100000000)
  region size 1024K, 60 young (61440K), 8 survivors (8192K)
 Metaspace       used 127021K, capacity 130394K, committed 130688K, reserved 1163264K
  class space    used 15722K, capacity 16944K, committed 17024K, reserved 1048576K
}
Event: 681.528 GC heap after
{Heap after GC invocations=87 (full 0):
 garbage-first heap   total 324608K, used 186872K [0x0000000080000000, 0x0000000100000000)
  region size 1024K, 8 young (8192K), 8 survivors (8192K)
 Metaspace       used 127021K, capacity 130394K, committed 130688K, reserved 1163264K
  class space    used 15722K, capacity 16944K, committed 17024K, reserved 1048576K
}
Event: 681.835 GC heap before
{Heap before GC invocations=87 (full 0):
 garbage-first heap   total 324608K, used 254456K [0x0000000080000000, 0x0000000100000000)
  region size 1024K, 75 young (76800K), 8 survivors (8192K)
 Metaspace       used 128642K, capacity 132119K, committed 132224K, reserved 1165312K
  class space    used 15993K, capacity 17241K, committed 17280K, reserved 1048576K
}
Event: 681.853 GC heap after
{Heap after GC invocations=88 (full 0):
 garbage-first heap   total 324608K, used 198656K [0x0000000080000000, 0x0000000100000000)
  region size 1024K, 10 young (10240K), 10 survivors (10240K)
 Metaspace       used 128642K, capacity 132119K, committed 132224K, reserved 1165312K
  class space    used 15993K, capacity 17241K, committed 17280K, reserved 1048576K
}
Event: 682.075 GC heap before
{Heap before GC invocations=88 (full 0):
 garbage-first heap   total 324608K, used 260096K [0x0000000080000000, 0x0000000100000000)
  region size 1024K, 71 young (72704K), 10 survivors (10240K)
 Metaspace       used 129843K, capacity 133388K, committed 133504K, reserved 1165312K
  class space    used 16205K, capacity 17469K, committed 17536K, reserved 1048576K
}
Event: 682.090 GC heap after
{Heap after GC invocations=89 (full 0):
 garbage-first heap   total 324608K, used 206672K [0x0000000080000000, 0x0000000100000000)
  region size 1024K, 9 young (9216K), 9 survivors (9216K)
 Metaspace       used 129843K, capacity 133388K, committed 133504K, reserved 1165312K
  class space    used 16205K, capacity 17469K, committed 17536K, reserved 1048576K
}
Event: 682.283 GC heap before
{Heap before GC invocations=89 (full 0):
 garbage-first heap   total 324608K, used 265040K [0x0000000080000000, 0x0000000100000000)
  region size 1024K, 66 young (67584K), 9 survivors (9216K)
 Metaspace       used 130758K, capacity 134331K, committed 134400K, reserved 1165312K
  class space    used 16315K, capacity 17610K, committed 17664K, reserved 1048576K
}
Event: 682.298 GC heap after
{Heap after GC invocations=90 (full 0):
 garbage-first heap   total 324608K, used 213668K [0x0000000080000000, 0x0000000100000000)
  region size 1024K, 8 young (8192K), 8 survivors (8192K)
 Metaspace       used 130758K, capacity 134331K, committed 134400K, reserved 1165312K
  class space    used 16315K, capacity 17610K, committed 17664K, reserved 1048576K
}
Event: 682.455 GC heap before
{Heap before GC invocations=90 (full 0):
 garbage-first heap   total 324608K, used 268964K [0x0000000080000000, 0x0000000100000000)
  region size 1024K, 62 young (63488K), 8 survivors (8192K)
 Metaspace       used 131461K, capacity 135163K, committed 135296K, reserved 1167360K
  class space    used 16397K, capacity 17755K, committed 17792K, reserved 1048576K
}
Event: 682.469 GC heap after
{Heap after GC invocations=91 (full 0):
 garbage-first heap   total 408576K, used 219592K [0x0000000080000000, 0x0000000100000000)
  region size 1024K, 7 young (7168K), 7 survivors (7168K)
 Metaspace       used 131461K, capacity 135163K, committed 135296K, reserved 1167360K
  class space    used 16397K, capacity 17755K, committed 17792K, reserved 1048576K
}
Event: 682.707 GC heap before
{Heap before GC invocations=91 (full 0):
 garbage-first heap   total 408576K, used 307656K [0x0000000080000000, 0x0000000100000000)
  region size 1024K, 94 young (96256K), 7 survivors (7168K)
 Metaspace       used 131971K, capacity 135726K, committed 135936K, reserved 1167360K
  class space    used 16450K, capacity 17834K, committed 17920K, reserved 1048576K
}
Event: 682.721 GC heap after
{Heap after GC invocations=92 (full 0):
 garbage-first heap   total 408576K, used 224748K [0x0000000080000000, 0x0000000100000000)
  region size 1024K, 12 young (12288K), 12 survivors (12288K)
 Metaspace       used 131971K, capacity 135726K, committed 135936K, reserved 1167360K
  class space    used 16450K, capacity 17834K, committed 17920K, reserved 1048576K
}
Event: 682.968 GC heap before
{Heap before GC invocations=92 (full 0):
 garbage-first heap   total 408576K, used 322028K [0x0000000080000000, 0x0000000100000000)
  region size 1024K, 107 young (109568K), 12 survivors (12288K)
 Metaspace       used 132020K, capacity 135801K, committed 135936K, reserved 1167360K
  class space    used 16464K, capacity 17838K, committed 17920K, reserved 1048576K
}
Event: 682.984 GC heap after
{Heap after GC invocations=93 (full 0):
 garbage-first heap   total 408576K, used 228618K [0x0000000080000000, 0x0000000100000000)
  region size 1024K, 11 young (11264K), 11 survivors (11264K)
 Metaspace       used 132020K, capacity 135801K, committed 135936K, reserved 1167360K
  class space    used 16464K, capacity 17838K, committed 17920K, reserved 1048576K
}
Event: 683.281 GC heap before
{Heap before GC invocations=93 (full 0):
 garbage-first heap   total 408576K, used 331018K [0x0000000080000000, 0x0000000100000000)
  region size 1024K, 111 young (113664K), 11 survivors (11264K)
 Metaspace       used 132254K, capacity 136025K, committed 136192K, reserved 1167360K
  class space    used 16469K, capacity 17846K, committed 17920K, reserved 1048576K
}
Event: 683.297 GC heap after
{Heap after GC invocations=94 (full 0):
 garbage-first heap   total 408576K, used 234237K [0x0000000080000000, 0x0000000100000000)
  region size 1024K, 10 young (10240K), 10 survivors (10240K)
 Metaspace       used 132254K, capacity 136025K, committed 136192K, reserved 1167360K
  class space    used 16469K, capacity 17846K, committed 17920K, reserved 1048576K
}
Event: 683.568 GC heap before
{Heap before GC invocations=94 (full 0):
 garbage-first heap   total 408576K, used 335613K [0x0000000080000000, 0x0000000100000000)
  region size 1024K, 110 young (112640K), 10 survivors (10240K)
 Metaspace       used 132257K, capacity 136025K, committed 136192K, reserved 1167360K
  class space    used 16469K, capacity 17846K, committed 17920K, reserved 1048576K
}

