# JRE version: OpenJDK Runtime Environment JBR-11.0.13.8-1890.3-jcef (11.0.13+8) (build 11.0.13+8-b1890.3)
# Java VM: OpenJDK 64-Bit Server VM JBR-11.0.13.8-1890.3-jcef (11.0.13+8-b1890.3, mixed mode, tiered, compressed oops, g1 gc, windows-amd64)
Heap:
 garbage-first heap   total 262144K, used 154137K [0x00000000e0000000, 0x0000000100000000)
  region size 1024K, 138 young (141312K), 10 survivors (10240K)
 Metaspace       used 48308K, capacity 49250K, committed 49404K, reserved 296960K
  class space    used 5991K, capacity 6357K, committed 6476K, reserved 253952K
GC Heap History (12 events):
Event: 8.182 GC heap before
{Heap before GC invocations=0 (full 0):
 garbage-first heap   total 262144K, used 29696K [0x00000000e0000000, 0x0000000100000000)
  region size 1024K, 24 young (24576K), 0 survivors (0K)
 Metaspace       used 10497K, capacity 10828K, committed 11008K, reserved 264192K
  class space    used 1075K, capacity 1160K, committed 1280K, reserved 253952K
}
Event: 8.189 GC heap after
{Heap after GC invocations=1 (full 0):
 garbage-first heap   total 262144K, used 8640K [0x00000000e0000000, 0x0000000100000000)
  region size 1024K, 3 young (3072K), 3 survivors (3072K)
 Metaspace       used 10497K, capacity 10828K, committed 11008K, reserved 264192K
  class space    used 1075K, capacity 1160K, committed 1280K, reserved 253952K
}
Event: 16.368 GC heap before
{Heap before GC invocations=1 (full 0):
 garbage-first heap   total 262144K, used 31168K [0x00000000e0000000, 0x0000000100000000)
  region size 1024K, 25 young (25600K), 3 survivors (3072K)
 Metaspace       used 10982K, capacity 11237K, committed 11520K, reserved 264192K
  class space    used 1116K, capacity 1168K, committed 1280K, reserved 253952K
}
Event: 16.371 GC heap after
{Heap after GC invocations=2 (full 0):
 garbage-first heap   total 262144K, used 11597K [0x00000000e0000000, 0x0000000100000000)
  region size 1024K, 3 young (3072K), 3 survivors (3072K)
 Metaspace       used 10982K, capacity 11237K, committed 11520K, reserved 264192K
  class space    used 1116K, capacity 1168K, committed 1280K, reserved 253952K
}
Event: 24.930 GC heap before
{Heap before GC invocations=2 (full 0):
 garbage-first heap   total 262144K, used 63821K [0x00000000e0000000, 0x0000000100000000)
  region size 1024K, 55 young (56320K), 3 survivors (3072K)
 Metaspace       used 18928K, capacity 19416K, committed 19584K, reserved 272384K
  class space    used 2242K, capacity 2397K, committed 2432K, reserved 253952K
}
Event: 24.934 GC heap after
{Heap after GC invocations=3 (full 0):
 garbage-first heap   total 262144K, used 15987K [0x00000000e0000000, 0x0000000100000000)
  region size 1024K, 7 young (7168K), 7 survivors (7168K)
 Metaspace       used 18928K, capacity 19416K, committed 19584K, reserved 272384K
  class space    used 2242K, capacity 2397K, committed 2432K, reserved 253952K
}
Event: 25.144 GC heap before
{Heap before GC invocations=3 (full 0):
 garbage-first heap   total 262144K, used 29299K [0x00000000e0000000, 0x0000000100000000)
  region size 1024K, 21 young (21504K), 7 survivors (7168K)
 Metaspace       used 20690K, capacity 21201K, committed 21296K, reserved 274432K
  class space    used 2484K, capacity 2658K, committed 2688K, reserved 253952K
}
Event: 25.149 GC heap after
{Heap after GC invocations=4 (full 0):
 garbage-first heap   total 262144K, used 16374K [0x00000000e0000000, 0x0000000100000000)
  region size 1024K, 8 young (8192K), 8 survivors (8192K)
 Metaspace       used 20690K, capacity 21201K, committed 21296K, reserved 274432K
  class space    used 2484K, capacity 2658K, committed 2688K, reserved 253952K
}
Event: 26.354 GC heap before
{Heap before GC invocations=5 (full 0):
 garbage-first heap   total 262144K, used 94198K [0x00000000e0000000, 0x0000000100000000)
  region size 1024K, 84 young (86016K), 8 survivors (8192K)
 Metaspace       used 28524K, capacity 29242K, committed 29308K, reserved 280576K
  class space    used 3757K, capacity 4023K, committed 4044K, reserved 253952K
}
Event: 26.361 GC heap after
{Heap after GC invocations=6 (full 0):
 garbage-first heap   total 262144K, used 19191K [0x00000000e0000000, 0x0000000100000000)
  region size 1024K, 9 young (9216K), 9 survivors (9216K)
 Metaspace       used 28524K, capacity 29242K, committed 29308K, reserved 280576K
  class space    used 3757K, capacity 4023K, committed 4044K, reserved 253952K
}
Event: 27.059 GC heap before
{Heap before GC invocations=6 (full 0):
 garbage-first heap   total 262144K, used 54007K [0x00000000e0000000, 0x0000000100000000)
  region size 1024K, 45 young (46080K), 9 survivors (9216K)
 Metaspace       used 35171K, capacity 35825K, committed 35964K, reserved 286720K
  class space    used 4464K, capacity 4703K, committed 4812K, reserved 253952K
}
Event: 27.066 GC heap after
{Heap after GC invocations=7 (full 0):
 garbage-first heap   total 262144K, used 21017K [0x00000000e0000000, 0x0000000100000000)
  region size 1024K, 10 young (10240K), 10 survivors (10240K)
 Metaspace       used 35171K, capacity 35825K, committed 35964K, reserved 286720K
  class space    used 4464K, capacity 4703K, committed 4812K, reserved 253952K
}

