# JRE version: OpenJDK Runtime Environment (11.0.11+9) (build 11.0.11+9-b60-7590822)
# Java VM: OpenJDK 64-Bit Server VM (11.0.11+9-b60-7590822, mixed mode, tiered, compressed oops, g1 gc, windows-amd64)
Heap:
 garbage-first heap   total 596992K, used 176302K [0x0000000080000000, 0x0000000100000000)
  region size 1024K, 23 young (23552K), 23 survivors (23552K)
 Metaspace       used 103222K, capacity 106271K, committed 106444K, reserved 1140736K
  class space    used 13578K, capacity 14782K, committed 14796K, reserved 1048576K
GC Heap History (20 events):
Event: 16.155 GC heap after
{Heap after GC invocations=30 (full 0):
 garbage-first heap   total 187392K, used 121204K [0x0000000080000000, 0x0000000100000000)
  region size 1024K, 5 young (5120K), 5 survivors (5120K)
 Metaspace       used 93824K, capacity 96125K, committed 96204K, reserved 1132544K
  class space    used 12098K, capacity 12955K, committed 13004K, reserved 1048576K
}
Event: 16.272 GC heap before
{Heap before GC invocations=30 (full 0):
 garbage-first heap   total 187392K, used 146804K [0x0000000080000000, 0x0000000100000000)
  region size 1024K, 31 young (31744K), 5 survivors (5120K)
 Metaspace       used 94724K, capacity 97085K, committed 97356K, reserved 1134592K
  class space    used 12228K, capacity 13104K, committed 13132K, reserved 1048576K
}
Event: 16.284 GC heap after
{Heap after GC invocations=31 (full 0):
 garbage-first heap   total 187392K, used 127687K [0x0000000080000000, 0x0000000100000000)
  region size 1024K, 4 young (4096K), 4 survivors (4096K)
 Metaspace       used 94724K, capacity 97085K, committed 97356K, reserved 1134592K
  class space    used 12228K, capacity 13104K, committed 13132K, reserved 1048576K
}
Event: 16.394 GC heap before
{Heap before GC invocations=31 (full 0):
 garbage-first heap   total 187392K, used 151239K [0x0000000080000000, 0x0000000100000000)
  region size 1024K, 27 young (27648K), 4 survivors (4096K)
 Metaspace       used 95188K, capacity 97382K, committed 97996K, reserved 1134592K
  class space    used 12248K, capacity 13060K, committed 13260K, reserved 1048576K
}
Event: 16.407 GC heap after
{Heap after GC invocations=32 (full 0):
 garbage-first heap   total 234496K, used 132821K [0x0000000080000000, 0x0000000100000000)
  region size 1024K, 4 young (4096K), 4 survivors (4096K)
 Metaspace       used 95188K, capacity 97382K, committed 97996K, reserved 1134592K
  class space    used 12248K, capacity 13060K, committed 13260K, reserved 1048576K
}
Event: 16.539 GC heap before
{Heap before GC invocations=33 (full 0):
 garbage-first heap   total 234496K, used 175829K [0x0000000080000000, 0x0000000100000000)
  region size 1024K, 46 young (47104K), 4 survivors (4096K)
 Metaspace       used 96497K, capacity 98978K, committed 99148K, reserved 1134592K
  class space    used 12537K, capacity 13559K, committed 13644K, reserved 1048576K
}
Event: 16.554 GC heap after
{Heap after GC invocations=34 (full 0):
 garbage-first heap   total 234496K, used 141064K [0x0000000080000000, 0x0000000100000000)
  region size 1024K, 6 young (6144K), 6 survivors (6144K)
 Metaspace       used 96497K, capacity 98978K, committed 99148K, reserved 1134592K
  class space    used 12537K, capacity 13559K, committed 13644K, reserved 1048576K
}
Event: 16.788 GC heap before
{Heap before GC invocations=34 (full 0):
 garbage-first heap   total 234496K, used 181000K [0x0000000080000000, 0x0000000100000000)
  region size 1024K, 46 young (47104K), 6 survivors (6144K)
 Metaspace       used 99576K, capacity 102433K, committed 102732K, reserved 1138688K
  class space    used 13156K, capacity 14313K, committed 14412K, reserved 1048576K
}
Event: 16.809 GC heap after
{Heap after GC invocations=35 (full 0):
 garbage-first heap   total 234496K, used 147728K [0x0000000080000000, 0x0000000100000000)
  region size 1024K, 6 young (6144K), 6 survivors (6144K)
 Metaspace       used 99576K, capacity 102433K, committed 102732K, reserved 1138688K
  class space    used 13156K, capacity 14313K, committed 14412K, reserved 1048576K
}
Event: 17.170 GC heap before
{Heap before GC invocations=35 (full 0):
 garbage-first heap   total 234496K, used 185616K [0x0000000080000000, 0x0000000100000000)
  region size 1024K, 44 young (45056K), 6 survivors (6144K)
 Metaspace       used 100360K, capacity 103159K, committed 103628K, reserved 1138688K
  class space    used 13232K, capacity 14371K, committed 14540K, reserved 1048576K
}
Event: 17.183 GC heap after
{Heap after GC invocations=36 (full 0):
 garbage-first heap   total 234496K, used 151042K [0x0000000080000000, 0x0000000100000000)
  region size 1024K, 4 young (4096K), 4 survivors (4096K)
 Metaspace       used 100360K, capacity 103159K, committed 103628K, reserved 1138688K
  class space    used 13232K, capacity 14371K, committed 14540K, reserved 1048576K
}
Event: 17.329 GC heap before
{Heap before GC invocations=37 (full 0):
 garbage-first heap   total 234496K, used 188930K [0x0000000080000000, 0x0000000100000000)
  region size 1024K, 42 young (43008K), 4 survivors (4096K)
 Metaspace       used 100573K, capacity 103331K, committed 103628K, reserved 1138688K
  class space    used 13264K, capacity 14405K, committed 14540K, reserved 1048576K
}
Event: 17.343 GC heap after
{Heap after GC invocations=38 (full 0):
 garbage-first heap   total 443392K, used 153398K [0x0000000080000000, 0x0000000100000000)
  region size 1024K, 3 young (3072K), 3 survivors (3072K)
 Metaspace       used 100573K, capacity 103331K, committed 103628K, reserved 1138688K
  class space    used 13264K, capacity 14405K, committed 14540K, reserved 1048576K
}
Event: 17.801 GC heap before
{Heap before GC invocations=38 (full 0):
 garbage-first heap   total 443392K, used 262966K [0x0000000080000000, 0x0000000100000000)
  region size 1024K, 110 young (112640K), 3 survivors (3072K)
 Metaspace       used 101034K, capacity 103806K, committed 104140K, reserved 1138688K
  class space    used 13319K, capacity 14476K, committed 14540K, reserved 1048576K
}
Event: 17.813 GC heap after
{Heap after GC invocations=39 (full 0):
 garbage-first heap   total 443392K, used 158408K [0x0000000080000000, 0x0000000100000000)
  region size 1024K, 8 young (8192K), 8 survivors (8192K)
 Metaspace       used 101034K, capacity 103806K, committed 104140K, reserved 1138688K
  class space    used 13319K, capacity 14476K, committed 14540K, reserved 1048576K
}
Event: 18.350 GC heap before
{Heap before GC invocations=39 (full 0):
 garbage-first heap   total 443392K, used 293576K [0x0000000080000000, 0x0000000100000000)
  region size 1024K, 140 young (143360K), 8 survivors (8192K)
 Metaspace       used 101948K, capacity 104894K, committed 105036K, reserved 1140736K
  class space    used 13436K, capacity 14628K, committed 14668K, reserved 1048576K
}
Event: 18.370 GC heap after
{Heap after GC invocations=40 (full 0):
 garbage-first heap   total 443392K, used 161729K [0x0000000080000000, 0x0000000100000000)
  region size 1024K, 11 young (11264K), 11 survivors (11264K)
 Metaspace       used 101948K, capacity 104894K, committed 105036K, reserved 1140736K
  class space    used 13436K, capacity 14628K, committed 14668K, reserved 1048576K
}
Event: 18.961 GC heap before
{Heap before GC invocations=40 (full 0):
 garbage-first heap   total 443392K, used 323521K [0x0000000080000000, 0x0000000100000000)
  region size 1024K, 169 young (173056K), 11 survivors (11264K)
 Metaspace       used 102931K, capacity 105933K, committed 106188K, reserved 1140736K
  class space    used 13574K, capacity 14782K, committed 14796K, reserved 1048576K
}
Event: 18.984 GC heap after
{Heap after GC invocations=41 (full 0):
 garbage-first heap   total 443392K, used 165788K [0x0000000080000000, 0x0000000100000000)
  region size 1024K, 15 young (15360K), 15 survivors (15360K)
 Metaspace       used 102931K, capacity 105933K, committed 106188K, reserved 1140736K
  class space    used 13574K, capacity 14782K, committed 14796K, reserved 1048576K
}
Event: 19.476 GC heap before
{Heap before GC invocations=41 (full 0):
 garbage-first heap   total 443392K, used 344988K [0x0000000080000000, 0x0000000100000000)
  region size 1024K, 190 young (194560K), 15 survivors (15360K)
 Metaspace       used 103222K, capacity 106271K, committed 106444K, reserved 1140736K
  class space    used 13578K, capacity 14782K, committed 14796K, reserved 1048576K
}

