# JRE version: OpenJDK Runtime Environment (11.0.11+9) (build 11.0.11+9-b60-7590822)
# Java VM: OpenJDK 64-Bit Server VM (11.0.11+9-b60-7590822, mixed mode, tiered, compressed oops, g1 gc, windows-amd64)
Heap:
 garbage-first heap   total 129024K, used 78167K [0x0000000080000000, 0x0000000100000000)
  region size 1024K, 2 young (2048K), 2 survivors (2048K)
 Metaspace       used 89300K, capacity 91271K, committed 91776K, reserved 1136640K
  class space    used 11443K, capacity 12213K, committed 12416K, reserved 1048576K
GC Heap History (20 events):
Event: 76.142 GC heap before
{Heap before GC invocations=15 (full 0):
 garbage-first heap   total 129024K, used 100889K [0x0000000080000000, 0x0000000100000000)
  region size 1024K, 52 young (53248K), 7 survivors (7168K)
 Metaspace       used 66739K, capacity 68160K, committed 68352K, reserved 1107968K
  class space    used 8411K, capacity 8954K, committed 8960K, reserved 1048576K
}
Event: 76.151 GC heap after
{Heap after GC invocations=16 (full 0):
 garbage-first heap   total 129024K, used 57432K [0x0000000080000000, 0x0000000100000000)
  region size 1024K, 4 young (4096K), 4 survivors (4096K)
 Metaspace       used 66739K, capacity 68160K, committed 68352K, reserved 1107968K
  class space    used 8411K, capacity 8954K, committed 8960K, reserved 1048576K
}
Event: 77.480 GC heap before
{Heap before GC invocations=16 (full 0):
 garbage-first heap   total 129024K, used 101464K [0x0000000080000000, 0x0000000100000000)
  region size 1024K, 47 young (48128K), 4 survivors (4096K)
 Metaspace       used 70714K, capacity 72326K, committed 72448K, reserved 1112064K
  class space    used 9044K, capacity 9639K, committed 9728K, reserved 1048576K
}
Event: 77.488 GC heap after
{Heap after GC invocations=17 (full 0):
 garbage-first heap   total 129024K, used 60574K [0x0000000080000000, 0x0000000100000000)
  region size 1024K, 4 young (4096K), 4 survivors (4096K)
 Metaspace       used 70714K, capacity 72326K, committed 72448K, reserved 1112064K
  class space    used 9044K, capacity 9639K, committed 9728K, reserved 1048576K
}
Event: 78.924 GC heap before
{Heap before GC invocations=17 (full 0):
 garbage-first heap   total 129024K, used 103582K [0x0000000080000000, 0x0000000100000000)
  region size 1024K, 46 young (47104K), 4 survivors (4096K)
 Metaspace       used 75031K, capacity 76698K, committed 76928K, reserved 1116160K
  class space    used 9659K, capacity 10298K, committed 10368K, reserved 1048576K
}
Event: 78.931 GC heap after
{Heap after GC invocations=18 (full 0):
 garbage-first heap   total 129024K, used 62985K [0x0000000080000000, 0x0000000100000000)
  region size 1024K, 6 young (6144K), 6 survivors (6144K)
 Metaspace       used 75031K, capacity 76698K, committed 76928K, reserved 1116160K
  class space    used 9659K, capacity 10298K, committed 10368K, reserved 1048576K
}
Event: 80.316 GC heap before
{Heap before GC invocations=18 (full 0):
 garbage-first heap   total 129024K, used 104969K [0x0000000080000000, 0x0000000100000000)
  region size 1024K, 47 young (48128K), 6 survivors (6144K)
 Metaspace       used 79716K, capacity 81539K, committed 81664K, reserved 1120256K
  class space    used 10301K, capacity 10954K, committed 11008K, reserved 1048576K
}
Event: 80.325 GC heap after
{Heap after GC invocations=19 (full 0):
 garbage-first heap   total 129024K, used 65701K [0x0000000080000000, 0x0000000100000000)
  region size 1024K, 6 young (6144K), 6 survivors (6144K)
 Metaspace       used 79716K, capacity 81539K, committed 81664K, reserved 1120256K
  class space    used 10301K, capacity 10954K, committed 11008K, reserved 1048576K
}
Event: 81.417 GC heap before
{Heap before GC invocations=19 (full 0):
 garbage-first heap   total 129024K, used 104613K [0x0000000080000000, 0x0000000100000000)
  region size 1024K, 45 young (46080K), 6 survivors (6144K)
 Metaspace       used 83022K, capacity 84851K, committed 85120K, reserved 1122304K
  class space    used 10659K, capacity 11296K, committed 11392K, reserved 1048576K
}
Event: 81.430 GC heap after
{Heap after GC invocations=20 (full 0):
 garbage-first heap   total 129024K, used 70006K [0x0000000080000000, 0x0000000100000000)
  region size 1024K, 6 young (6144K), 6 survivors (6144K)
 Metaspace       used 83022K, capacity 84851K, committed 85120K, reserved 1122304K
  class space    used 10659K, capacity 11296K, committed 11392K, reserved 1048576K
}
Event: 82.367 GC heap before
{Heap before GC invocations=21 (full 0):
 garbage-first heap   total 129024K, used 103798K [0x0000000080000000, 0x0000000100000000)
  region size 1024K, 40 young (40960K), 6 survivors (6144K)
 Metaspace       used 84919K, capacity 87090K, committed 87296K, reserved 1124352K
  class space    used 10964K, capacity 11770K, committed 11776K, reserved 1048576K
}
Event: 82.377 GC heap after
{Heap after GC invocations=22 (full 0):
 garbage-first heap   total 129024K, used 73719K [0x0000000080000000, 0x0000000100000000)
  region size 1024K, 4 young (4096K), 4 survivors (4096K)
 Metaspace       used 84919K, capacity 87090K, committed 87296K, reserved 1124352K
  class space    used 10964K, capacity 11770K, committed 11776K, reserved 1048576K
}
Event: 83.147 GC heap before
{Heap before GC invocations=22 (full 0):
 garbage-first heap   total 129024K, used 104439K [0x0000000080000000, 0x0000000100000000)
  region size 1024K, 35 young (35840K), 4 survivors (4096K)
 Metaspace       used 85230K, capacity 87396K, committed 87552K, reserved 1124352K
  class space    used 10970K, capacity 11776K, committed 11776K, reserved 1048576K
}
Event: 83.153 GC heap after
{Heap after GC invocations=23 (full 0):
 garbage-first heap   total 129024K, used 75252K [0x0000000080000000, 0x0000000100000000)
  region size 1024K, 2 young (2048K), 2 survivors (2048K)
 Metaspace       used 85230K, capacity 87396K, committed 87552K, reserved 1124352K
  class space    used 10970K, capacity 11776K, committed 11776K, reserved 1048576K
}
Event: 83.660 GC heap before
{Heap before GC invocations=24 (full 0):
 garbage-first heap   total 129024K, used 105972K [0x0000000080000000, 0x0000000100000000)
  region size 1024K, 33 young (33792K), 2 survivors (2048K)
 Metaspace       used 85715K, capacity 87880K, committed 88192K, reserved 1126400K
  class space    used 11008K, capacity 11821K, committed 11904K, reserved 1048576K
}
Event: 83.666 GC heap after
{Heap after GC invocations=25 (full 0):
 garbage-first heap   total 129024K, used 77005K [0x0000000080000000, 0x0000000100000000)
  region size 1024K, 4 young (4096K), 4 survivors (4096K)
 Metaspace       used 85715K, capacity 87880K, committed 88192K, reserved 1126400K
  class space    used 11008K, capacity 11821K, committed 11904K, reserved 1048576K
}
Event: 84.558 GC heap before
{Heap before GC invocations=25 (full 0):
 garbage-first heap   total 129024K, used 106701K [0x0000000080000000, 0x0000000100000000)
  region size 1024K, 34 young (34816K), 4 survivors (4096K)
 Metaspace       used 88088K, capacity 90253K, committed 90496K, reserved 1128448K
  class space    used 11324K, capacity 12157K, committed 12160K, reserved 1048576K
}
Event: 84.566 GC heap after
{Heap after GC invocations=26 (full 0):
 garbage-first heap   total 129024K, used 78027K [0x0000000080000000, 0x0000000100000000)
  region size 1024K, 4 young (4096K), 4 survivors (4096K)
 Metaspace       used 88088K, capacity 90253K, committed 90496K, reserved 1128448K
  class space    used 11324K, capacity 12157K, committed 12160K, reserved 1048576K
}
Event: 85.022 GC heap before
{Heap before GC invocations=27 (full 0):
 garbage-first heap   total 129024K, used 97483K [0x0000000080000000, 0x0000000100000000)
  region size 1024K, 24 young (24576K), 4 survivors (4096K)
 Metaspace       used 89300K, capacity 91271K, committed 91776K, reserved 1134592K
  class space    used 11443K, capacity 12213K, committed 12416K, reserved 1048576K
}
Event: 85.030 GC heap after
{Heap after GC invocations=28 (full 0):
 garbage-first heap   total 129024K, used 78167K [0x0000000080000000, 0x0000000100000000)
  region size 1024K, 2 young (2048K), 2 survivors (2048K)
 Metaspace       used 89300K, capacity 91271K, committed 91776K, reserved 1134592K
  class space    used 11443K, capacity 12213K, committed 12416K, reserved 1048576K
}

